<?xml version="1.0" encoding="UTF-8"?>
<testsuite name="Division Tests"
           tests="23"
           failures="0"
           errors="0"
           skipped="0"
           time="0.041">
    <properties></properties>



            <testcase
                name="testGetGrade"
                time="0.001"
                classname="GradCalculatorTest">
            </testcase>
            <testcase
                name="testGetGrade"
                time="0.001"
                classname="GradCalculatorTest">
            </testcase>
            <testcase
                name="testGetGrade"
                time="0.001"
                classname="GradCalculatorTest">
            </testcase>
            <testcase
                name="testGetGrade"
                time="0.001"
                classname="GradCalculatorTest">
            </testcase>
            <testcase
                name="testGetGrade"
                time="0.001"
                classname="GradCalculatorTest">
            </testcase>
            <testcase
                name="testGetGrade"
                time="0.000"
                classname="GradCalculatorTest">
            </testcase>
            <testcase
                name="testGetGrade"
                time="0.001"
                classname="GradCalculatorTest">
            </testcase>
            <testcase
                name="testGetGrade"
                time="0.001"
                classname="GradCalculatorTest">
            </testcase>
            <testcase
                name="testGetGrade"
                time="0.000"
                classname="GradCalculatorTest">
            </testcase>
            <testcase
                name="testGetGrade"
                time="0.003"
                classname="GradCalculatorTest">
            </testcase>
            <testcase
                name="testGetGrade"
                time="0.014"
                classname="GradCalculatorTest">
            </testcase>
            <testcase
                name="testGetGrade"
                time="0.001"
                classname="GradCalculatorTest">
            </testcase>
            <testcase
                name="testGetGrade"
                time="0.002"
                classname="GradCalculatorTest">
            </testcase>
            <testcase
                name="testGetGrade"
                time="0.001"
                classname="GradCalculatorTest">
            </testcase>
            <testcase
                name="testGetGrade"
                time="0.004"
                classname="GradCalculatorTest">
            </testcase>
            <testcase
                name="testGetGrade"
                time="0.001"
                classname="GradCalculatorTest">
            </testcase>
            <testcase
                name="testGetGrade"
                time="0.001"
                classname="GradCalculatorTest">
            </testcase>
            <testcase
                name="testGetGrade"
                time="0.003"
                classname="GradCalculatorTest">
            </testcase>
            <testcase
                name="testGetGrade"
                time="0.001"
                classname="GradCalculatorTest">
            </testcase>
            <testcase
                name="testGetGrade"
                time="0.000"
                classname="GradCalculatorTest">
            </testcase>
            <testcase
                name="testGetGrade"
                time="0.002"
                classname="GradCalculatorTest">
            </testcase>
            <testcase
                name="testGetGrade"
                time="0.000"
                classname="GradCalculatorTest">
            </testcase>
            <testcase
                name="testGetGrade"
                time="0.001"
                classname="GradCalculatorTest">
            </testcase>
</testsuite>
