<?xml version="1.0" encoding="UTF-8"?>
<testsuite name="priority test"
           tests="2"
           failures="0"
           errors="0"
           skipped="0"
           time="0.001">
    <properties></properties>



            <testcase
                name="testOne"
                time="0.001"
                classname="pTest">
            </testcase>
            <testcase
                name="testTwo"
                time="0.000"
                classname="pTest">
            </testcase>
</testsuite>
